<?xml version="1.0" encoding="UTF-8"?>
<testsuite xmlns:xsi="http://www.w3.org/2001/XMLSchema-instance" xsi:noNamespaceSchemaLocation="https://maven.apache.org/surefire/maven-surefire-plugin/xsd/surefire-test-report.xsd" name="selenium.ExampleSeleniumTest" time="9.205" tests="3" errors="0" skipped="0" failures="0">
  <properties>
[...]
</properties>
  <testcase name="test1" classname="selenium.ExampleSeleniumTest" time="4.233"/>
  <testcase name="test2" classname="selenium.ExampleSeleniumTest" time="2.447"/>
  <testcase name="test3" classname="selenium.ExampleSeleniumTest" time="2.513"/>
</testsuite>